<?xml version="1.0" encoding="UTF-8"?>
<testng-results ignored="0" total="1" passed="1" failed="0" skipped="0">
  <reporter-output>
  </reporter-output>
  <suite started-at="2018-06-22T05:33:59Z" name="Default suite" finished-at="2018-06-22T05:34:55Z" duration-ms="55872">
    <groups>
    </groups>
    <test started-at="2018-06-22T05:33:59Z" name="Default test" finished-at="2018-06-22T05:34:55Z" duration-ms="55872">
      <class name="TestCRM">
        <test-method is-config="true" signature="invokeBrowser()[pri:0, instance:TestCRM@4d02f94e]" started-at="2018-06-22T11:04:00Z" name="invokeBrowser" finished-at="2018-06-22T11:04:23Z" duration-ms="22865" status="PASS">
          <reporter-output>
          </reporter-output>
        </test-method> <!-- invokeBrowser -->
        <test-method signature="loginCrm()[pri:0, instance:TestCRM@4d02f94e]" started-at="2018-06-22T11:04:23Z" name="loginCrm" finished-at="2018-06-22T11:04:54Z" duration-ms="31634" status="PASS">
          <reporter-output>
          </reporter-output>
        </test-method> <!-- loginCrm -->
        <test-method is-config="true" signature="tearDown()[pri:0, instance:TestCRM@4d02f94e]" started-at="2018-06-22T11:04:54Z" name="tearDown" finished-at="2018-06-22T11:04:55Z" duration-ms="1167" status="PASS">
          <reporter-output>
          </reporter-output>
        </test-method> <!-- tearDown -->
      </class> <!-- TestCRM -->
    </test> <!-- Default test -->
  </suite> <!-- Default suite -->
</testng-results>
